make: getcwd: Operation not permitted
make: *** No rule to make target `hourly'.  Stop.
make: getcwd: Operation not permitted
make: *** No rule to make target `hourly'.  Stop.
make: getcwd: Operation not permitted
make: *** No rule to make target `hourly'.  Stop.
make: getcwd: Operation not permitted
make: *** No rule to make target `hourly'.  Stop.
bash scripts/pipeline.sh hourly
[BACKFILL] Resuming from 2025-09-14T21:00:00+00:00
[BACKFILL] complete -> /Users/lingxiaolyu/projects/hype_pipeline/data/hourly.csv
[indicators] wrote -> /Users/lingxiaolyu/projects/hype_pipeline/data/hourly_with_indicators_signals.csv (rows=5028)
[watchlist] wrote -> /Users/lingxiaolyu/projects/hype_pipeline/data/watchlist.csv (rows=2481)
[email] No new watchlist rows. Nothing to email.
Makefile:78: warning: overriding commands for target `indicators'
Makefile:16: warning: ignoring old commands for target `indicators'
Makefile:95: warning: overriding commands for target `hourly'
Makefile:10: warning: ignoring old commands for target `hourly'
Makefile:78: warning: overriding commands for target `indicators'
Makefile:16: warning: ignoring old commands for target `indicators'
Makefile:95: warning: overriding commands for target `hourly'
Makefile:10: warning: ignoring old commands for target `hourly'
[2025-09-14T21:30:00Z] [hype] ingest start
[2025-09-14T21:30:00Z] [hype] ingest start
Traceback (most recent call last):
  File "/Users/lingxiaolyu/projects/hype_pipeline/services/hourly_trade_data/hourly_trade_data.py", line 25, in <module>
    import requests
ModuleNotFoundError: No module named 'requests'
make[1]: *** [ingest] Error 1
[2025-09-14T21:30:00Z] [hype] pipeline FAILED (rc=2)
[2025-09-14T21:30:00Z] [hype] pipeline FAILED (rc=2)
[run_status_alert] ALERT_TO env var required
make: *** [pipeline] Error 2
[2025-09-14T21:32:22Z] [hype] ingest start
[2025-09-14T21:32:50Z] [hype] ingest done
[2025-09-14T21:33:30Z] [hype] ingest start
[2025-09-14T21:35:12Z] [hype] ingest done
[2025-09-14T21:44:04Z] [hype] indicators start
[2025-09-14T21:44:04Z] [hype] indicators done
[2025-09-14T21:44:04Z] [hype] alerts start
[2025-09-14T21:44:05Z] [hype] alerts done
[2025-09-14T21:44:05Z] [hype] pipeline SUCCESS
[2025-09-14T21:44:05Z] [hype] Hourly run complete
Makefile:77: *** missing separator.  Stop.
Makefile:52: warning: overriding commands for target `bootstrap'
Makefile:2: warning: ignoring old commands for target `bootstrap'
Makefile:97: *** missing separator.  Stop.
Makefile:52: warning: overriding commands for target `bootstrap'
Makefile:2: warning: ignoring old commands for target `bootstrap'
Makefile:97: *** missing separator.  Stop.
[BACKFILL] Resuming from 2025-09-14T23:00:00+00:00
[BACKFILL] complete -> /Users/lingxiaolyu/projects/hype_pipeline/data/hourly.csv
[indicators] wrote -> /Users/lingxiaolyu/projects/hype_pipeline/data/hourly_with_indicators_signals.csv (rows=5034)
[watchlist] wrote -> /Users/lingxiaolyu/projects/hype_pipeline/data/watchlist.csv (rows=2482)
[email_watchlist_alert] sent: [BTC Hourly CheckIn] 2025-09-15 02:00Z
[validate] hourly.csv check skipped: [Errno 2] No such file or directory: 'data/hourly.csv'
[validate] indicators check skipped: [Errno 2] No such file or directory: 'data/hourly_with_indicators_signals.csv'
[validate] alerts check skipped: [Errno 2] No such file or directory: 'data/hype_alerts.csv'
[pipeline] SUCCESS
[run_status_alert] sent [hype_pipeline] SUCCESS @ pipeline
Makefile:52: warning: overriding commands for target `bootstrap'
Makefile:2: warning: ignoring old commands for target `bootstrap'
Makefile:97: *** missing separator.  Stop.
[BACKFILL] Resuming from 2025-09-15T03:00:00+00:00
[BACKFILL] complete -> /Users/lingxiaolyu/projects/hype_pipeline/data/hourly.csv
[indicators] wrote -> /Users/lingxiaolyu/projects/hype_pipeline/data/hourly_with_indicators_signals.csv (rows=5034)
[watchlist] wrote -> /Users/lingxiaolyu/projects/hype_pipeline/data/watchlist.csv (rows=2482)
[email_watchlist_alert] sent: [BTC Hourly CheckIn] 2025-09-15 02:00Z
[validate] hourly.csv OK
[validate] alerts OK
[pipeline] SUCCESS
[run_status_alert] sent [hype_pipeline] SUCCESS @ pipeline
[BACKFILL] Resuming from 2025-09-15T03:00:00+00:00
[BACKFILL] complete -> /Users/lingxiaolyu/projects/hype_pipeline/data/hourly.csv
[indicators] wrote -> /Users/lingxiaolyu/projects/hype_pipeline/data/hourly_with_indicators_signals.csv (rows=5034)
[watchlist] wrote -> /Users/lingxiaolyu/projects/hype_pipeline/data/watchlist.csv (rows=2482)
[email_watchlist_alert] sent: [HYPE Watchlist] 2025-09-15 02:00Z
[validate] hourly.csv OK
[validate] alerts OK
[pipeline] SUCCESS
[run_status_alert] sent [hype_pipeline] SUCCESS @ pipeline
[BACKFILL] Resuming from 2025-09-15T03:00:00+00:00
[BACKFILL] complete -> /Users/lingxiaolyu/projects/hype_pipeline/data/hourly.csv
[indicators] wrote -> /Users/lingxiaolyu/projects/hype_pipeline/data/hourly_with_indicators_signals.csv (rows=5034)
[watchlist] wrote -> /Users/lingxiaolyu/projects/hype_pipeline/data/watchlist.csv (rows=2482)
[email_watchlist_alert] sent: [HYPE Watchlist] 2025-09-15 02:00Z
[validate] hourly.csv OK
[validate] alerts OK
[pipeline] SUCCESS
[run_status_alert] sent [hype_pipeline] SUCCESS @ pipeline
[BACKFILL] Resuming from 2025-09-15T03:00:00+00:00
[BACKFILL] complete -> /Users/lingxiaolyu/projects/hype_pipeline/data/hourly.csv
[indicators] wrote -> /Users/lingxiaolyu/projects/hype_pipeline/data/hourly_with_indicators_signals.csv (rows=5034)
[watchlist] wrote -> /Users/lingxiaolyu/projects/hype_pipeline/data/watchlist.csv (rows=2482)
[email_watchlist_alert] sent: [HYPE Watchlist] 2025-09-15 02:00Z
[validate] hourly.csv OK
[validate] alerts OK
[pipeline] SUCCESS
[run_status_alert] sent [hype_pipeline] SUCCESS @ pipeline
[BACKFILL] Resuming from 2025-09-15T03:00:00+00:00
[BACKFILL] complete -> /Users/lingxiaolyu/projects/hype_pipeline/data/hourly.csv
[indicators] wrote -> /Users/lingxiaolyu/projects/hype_pipeline/data/hourly_with_indicators_signals.csv (rows=5034)
[watchlist] wrote -> /Users/lingxiaolyu/projects/hype_pipeline/data/watchlist.csv (rows=2482)
[email_watchlist_alert] sent: [HYPE Watchlist] 2025-09-15 02:00Z
[validate] hourly.csv OK
[validate] alerts OK
[pipeline] SUCCESS
[run_status_alert] sent [hype_pipeline] SUCCESS @ pipeline
/Users/lingxiaolyu/projects/hype_pipeline/.env: line 29: Watchlist]: command not found
/Users/lingxiaolyu/projects/hype_pipeline/.env: line 4: LOG_FILE: unbound variable
/Users/lingxiaolyu/projects/hype_pipeline/.env: line 4: LOG_FILE: unbound variable
scripts/pipeline.sh: line 9: LOG_FILE: unbound variable
scripts/pipeline.sh: line 9: LOG_FILE: unbound variable
[pipeline] CWD=/Users/lingxiaolyu/projects/hype_pipeline BASE=/Users/lingxiaolyu/projects/hype_pipeline ENV=/Users/lingxiaolyu/projects/hype_pipeline/.env MD5=d2d116eb61c5e5022938eb7141eacf0b SUBJECT_PREFIX=[HYPE Watchlist] TO=cryptowatcher689@gmail.com FROM=lingxiaolyu19@gmail.com ALERT_TO=cryptowatcher689@gmail.com
scripts/pipeline.sh: line 9: LOG_FILE: unbound variable
scripts/pipeline.sh: line 9: LOG_FILE: unbound variable
scripts/pipeline.sh: line 9: LOG_FILE: unbound variable
[pipeline] CWD=/Users/lingxiaolyu/projects/hype_pipeline BASE=/Users/lingxiaolyu/projects/hype_pipeline ENV=/Users/lingxiaolyu/projects/hype_pipeline/.env MD5=d2d116eb61c5e5022938eb7141eacf0b SUBJECT_PREFIX=[HYPE Watchlist] TO=cryptowatcher689@gmail.com FROM=lingxiaolyu19@gmail.com ALERT_TO=cryptowatcher689@gmail.com LOG_FILE=/Users/lingxiaolyu/projects/hype_pipeline/hype_pipeline.log
[BACKFILL] Resuming from 2025-09-15T04:00:00+00:00
[BACKFILL] complete -> /Users/lingxiaolyu/projects/hype_pipeline/data/hourly.csv
[indicators] wrote -> /Users/lingxiaolyu/projects/hype_pipeline/data/hourly_with_indicators_signals.csv (rows=5035)
[watchlist] wrote -> /Users/lingxiaolyu/projects/hype_pipeline/data/watchlist.csv (rows=2483)
[email_watchlist_alert] sent: [HYPE Watchlist] 2025-09-15 03:00Z
[email_watchlist_alert] using SUBJECT_PREFIX='[HYPE Watchlist]' from=lingxiaolyu19@gmail.com to=cryptowatcher689@gmail.com
[validate] hourly.csv OK
[validate] alerts OK
[pipeline] SUCCESS
[run_status_alert] sent [hype_pipeline] SUCCESS @ pipeline
[pipeline] CWD=/Users/lingxiaolyu/projects/hype_pipeline BASE=/Users/lingxiaolyu/projects/hype_pipeline ENV=/Users/lingxiaolyu/projects/hype_pipeline/.env MD5=d2d116eb61c5e5022938eb7141eacf0b SUBJECT_PREFIX=[HYPE Watchlist] TO=cryptowatcher689@gmail.com FROM=lingxiaolyu19@gmail.com ALERT_TO=cryptowatcher689@gmail.com LOG_FILE=/Users/lingxiaolyu/projects/hype_pipeline/hype_pipeline.log
[BACKFILL] Resuming from 2025-09-15T04:00:00+00:00
[BACKFILL] complete -> /Users/lingxiaolyu/projects/hype_pipeline/data/hourly.csv
[indicators] wrote -> /Users/lingxiaolyu/projects/hype_pipeline/data/hourly_with_indicators_signals.csv (rows=5035)
[watchlist] wrote -> /Users/lingxiaolyu/projects/hype_pipeline/data/watchlist.csv (rows=2483)
[email_watchlist_alert] sent: [HYPE Watchlist] 2025-09-15 03:00Z
[email_watchlist_alert] using SUBJECT_PREFIX='[HYPE Watchlist]' from=lingxiaolyu19@gmail.com to=cryptowatcher689@gmail.com
[validate] hourly.csv OK
[validate] alerts OK
[pipeline] SUCCESS
[run_status_alert] sent [hype_pipeline] SUCCESS @ pipeline
[pipeline] CWD=/Users/lingxiaolyu/projects/hype_pipeline BASE=/Users/lingxiaolyu/projects/hype_pipeline ENV=/Users/lingxiaolyu/projects/hype_pipeline/.env MD5=d2d116eb61c5e5022938eb7141eacf0b SUBJECT_PREFIX=[HYPE Watchlist] TO=cryptowatcher689@gmail.com FROM=lingxiaolyu19@gmail.com ALERT_TO=cryptowatcher689@gmail.com LOG_FILE=/Users/lingxiaolyu/projects/hype_pipeline/hype_pipeline.log
[BACKFILL] Resuming from 2025-09-15T04:00:00+00:00
[BACKFILL] complete -> /Users/lingxiaolyu/projects/hype_pipeline/data/hourly.csv
[indicators] wrote -> /Users/lingxiaolyu/projects/hype_pipeline/data/hourly_with_indicators_signals.csv (rows=5035)
[watchlist] wrote -> /Users/lingxiaolyu/projects/hype_pipeline/data/watchlist.csv (rows=2483)
[email_watchlist_alert] sent: [HYPE Watchlist] 2025-09-15 03:00Z
[email_watchlist_alert] using SUBJECT_PREFIX='[HYPE Watchlist]' from=lingxiaolyu19@gmail.com to=cryptowatcher689@gmail.com
[validate] hourly.csv OK
[validate] alerts OK
[pipeline] SUCCESS
[pipeline] CWD=/Users/lingxiaolyu/projects/hype_pipeline BASE=/Users/lingxiaolyu/projects/hype_pipeline ENV=/Users/lingxiaolyu/projects/hype_pipeline/.env MD5=d2d116eb61c5e5022938eb7141eacf0b SUBJECT_PREFIX=[HYPE Watchlist] TO=cryptowatcher689@gmail.com FROM=lingxiaolyu19@gmail.com ALERT_TO=cryptowatcher689@gmail.com LOG_FILE=/Users/lingxiaolyu/projects/hype_pipeline/hype_pipeline.log
[pipeline] CWD=/Users/lingxiaolyu/projects/hype_pipeline BASE=/Users/lingxiaolyu/projects/hype_pipeline ENV=/Users/lingxiaolyu/projects/hype_pipeline/.env MD5=d2d116eb61c5e5022938eb7141eacf0b SUBJECT_PREFIX=[HYPE Watchlist] TO=cryptowatcher689@gmail.com FROM=lingxiaolyu19@gmail.com ALERT_TO=cryptowatcher689@gmail.com LOG_FILE=/Users/lingxiaolyu/projects/hype_pipeline/hype_pipeline.log
[pipeline] CWD=/Users/lingxiaolyu/projects/hype_pipeline BASE=/Users/lingxiaolyu/projects/hype_pipeline ENV=/Users/lingxiaolyu/projects/hype_pipeline/.env MD5=d2d116eb61c5e5022938eb7141eacf0b SUBJECT_PREFIX=[HYPE Watchlist] TO=cryptowatcher689@gmail.com FROM=lingxiaolyu19@gmail.com ALERT_TO=cryptowatcher689@gmail.com LOG_FILE=/Users/lingxiaolyu/projects/hype_pipeline/hype_pipeline.log
[BACKFILL] Resuming from 2025-09-15T04:00:00+00:00
[BACKFILL] complete -> /Users/lingxiaolyu/projects/hype_pipeline/data/hourly.csv
[indicators] wrote -> /Users/lingxiaolyu/projects/hype_pipeline/data/hourly_with_indicators_signals.csv (rows=5035)
[watchlist] wrote -> /Users/lingxiaolyu/projects/hype_pipeline/data/watchlist.csv (rows=2483)
[email_watchlist_alert] sent: [HYPE Watchlist] 2025-09-15 03:00Z
[email_watchlist_alert] using SUBJECT_PREFIX='[HYPE Watchlist]' from=lingxiaolyu19@gmail.com to=cryptowatcher689@gmail.com
[validate] hourly.csv OK
[validate] alerts OK
[pipeline] SUCCESS
[pipeline] CWD=/Users/lingxiaolyu/projects/hype_pipeline BASE=/Users/lingxiaolyu/projects/hype_pipeline ENV=/Users/lingxiaolyu/projects/hype_pipeline/.env MD5=d2d116eb61c5e5022938eb7141eacf0b SUBJECT_PREFIX=[HYPE Watchlist] TO=cryptowatcher689@gmail.com FROM=lingxiaolyu19@gmail.com ALERT_TO=cryptowatcher689@gmail.com LOG_FILE=/Users/lingxiaolyu/projects/hype_pipeline/hype_pipeline.log
[BACKFILL] Resuming from 2025-09-15T04:00:00+00:00
[BACKFILL] complete -> /Users/lingxiaolyu/projects/hype_pipeline/data/hourly.csv
[indicators] wrote -> /Users/lingxiaolyu/projects/hype_pipeline/data/hourly_with_indicators_signals.csv (rows=5035)
[watchlist] wrote -> /Users/lingxiaolyu/projects/hype_pipeline/data/watchlist.csv (rows=2483)
[email_watchlist_alert] sent: [HYPE Watchlist] 2025-09-15 03:00Z
[email_watchlist_alert] using SUBJECT_PREFIX='[HYPE Watchlist]' from=lingxiaolyu19@gmail.com to=cryptowatcher689@gmail.com
[validate] hourly.csv OK
[validate] alerts OK
[pipeline] SUCCESS
[pipeline] CWD=/Users/lingxiaolyu/projects/hype_pipeline BASE=/Users/lingxiaolyu/projects/hype_pipeline ENV=/Users/lingxiaolyu/projects/hype_pipeline/.env MD5=d2d116eb61c5e5022938eb7141eacf0b SUBJECT_PREFIX=[HYPE Watchlist] TO=cryptowatcher689@gmail.com FROM=lingxiaolyu19@gmail.com ALERT_TO=cryptowatcher689@gmail.com LOG_FILE=/Users/lingxiaolyu/projects/hype_pipeline/hype_pipeline.log
[BACKFILL] Resuming from 2025-09-15T04:00:00+00:00
[BACKFILL] complete -> /Users/lingxiaolyu/projects/hype_pipeline/data/hourly.csv
[indicators] wrote -> /Users/lingxiaolyu/projects/hype_pipeline/data/hourly_with_indicators_signals.csv (rows=5035)
[watchlist] wrote -> /Users/lingxiaolyu/projects/hype_pipeline/data/watchlist.csv (rows=2483)
[email_watchlist_alert] sent: [HYPE Watchlist] 2025-09-15 03:00Z
[email_watchlist_alert] using SUBJECT_PREFIX='[HYPE Watchlist]' from=lingxiaolyu19@gmail.com to=cryptowatcher689@gmail.com
[validate] hourly.csv OK
[validate] alerts OK
[pipeline] SUCCESS
[pipeline] CWD=/Users/lingxiaolyu/projects/hype_pipeline BASE=/Users/lingxiaolyu/projects/hype_pipeline ENV=/Users/lingxiaolyu/projects/hype_pipeline/.env MD5=d2d116eb61c5e5022938eb7141eacf0b SUBJECT_PREFIX=[HYPE Watchlist] TO=cryptowatcher689@gmail.com FROM=lingxiaolyu19@gmail.com ALERT_TO=cryptowatcher689@gmail.com LOG_FILE=/Users/lingxiaolyu/projects/hype_pipeline/hype_pipeline.log
[BACKFILL] Resuming from 2025-09-15T04:00:00+00:00
[BACKFILL] complete -> /Users/lingxiaolyu/projects/hype_pipeline/data/hourly.csv
[indicators] wrote -> /Users/lingxiaolyu/projects/hype_pipeline/data/hourly_with_indicators_signals.csv (rows=5036)
[watchlist] wrote -> /Users/lingxiaolyu/projects/hype_pipeline/data/watchlist.csv (rows=2483)
[email_watchlist_alert] sent: [HYPE Watchlist] 2025-09-15 04:00Z
[email_watchlist_alert] using SUBJECT_PREFIX='[HYPE Watchlist]' from=lingxiaolyu19@gmail.com to=cryptowatcher689@gmail.com
[validate] hourly.csv OK
[validate] alerts OK
[pipeline] SUCCESS
[pipeline] CWD=/Users/lingxiaolyu/projects/hype_pipeline BASE=/Users/lingxiaolyu/projects/hype_pipeline ENV=/Users/lingxiaolyu/projects/hype_pipeline/.env MD5=d2d116eb61c5e5022938eb7141eacf0b SUBJECT_PREFIX=[HYPE Watchlist] TO=cryptowatcher689@gmail.com FROM=lingxiaolyu19@gmail.com ALERT_TO=cryptowatcher689@gmail.com LOG_FILE=/Users/lingxiaolyu/projects/hype_pipeline/hype_pipeline.log
[BACKFILL] Resuming from 2025-09-15T05:00:00+00:00
[BACKFILL] complete -> /Users/lingxiaolyu/projects/hype_pipeline/data/hourly.csv
[indicators] wrote -> /Users/lingxiaolyu/projects/hype_pipeline/data/hourly_with_indicators_signals.csv (rows=5036)
[watchlist] wrote -> /Users/lingxiaolyu/projects/hype_pipeline/data/watchlist.csv (rows=2483)
[email_watchlist_alert] sent: [HYPE Watchlist] 2025-09-15 04:00Z
[email_watchlist_alert] using SUBJECT_PREFIX='[HYPE Watchlist]' from=lingxiaolyu19@gmail.com to=cryptowatcher689@gmail.com
[validate] hourly.csv OK
[validate] alerts OK
[pipeline] SUCCESS
[pipeline] CWD=/Users/lingxiaolyu/projects/hype_pipeline BASE=/Users/lingxiaolyu/projects/hype_pipeline ENV=/Users/lingxiaolyu/projects/hype_pipeline/.env MD5=d2d116eb61c5e5022938eb7141eacf0b SUBJECT_PREFIX=[HYPE Watchlist] TO=cryptowatcher689@gmail.com FROM=lingxiaolyu19@gmail.com ALERT_TO=cryptowatcher689@gmail.com LOG_FILE=/Users/lingxiaolyu/projects/hype_pipeline/hype_pipeline.log
[BACKFILL] Resuming from 2025-09-15T05:00:00+00:00
[BACKFILL] complete -> /Users/lingxiaolyu/projects/hype_pipeline/data/hourly.csv
[indicators] wrote -> /Users/lingxiaolyu/projects/hype_pipeline/data/hourly_with_indicators_signals.csv (rows=5037)
[watchlist] wrote -> /Users/lingxiaolyu/projects/hype_pipeline/data/watchlist.csv (rows=2483)
[email_watchlist_alert] sent: [HYPE Watchlist] 2025-09-15 05:00Z
[email_watchlist_alert] using SUBJECT_PREFIX='[HYPE Watchlist]' from=lingxiaolyu19@gmail.com to=cryptowatcher689@gmail.com
[validate] hourly.csv OK
[validate] alerts OK
[pipeline] SUCCESS
[pipeline] CWD=/Users/lingxiaolyu/projects/hype_pipeline BASE=/Users/lingxiaolyu/projects/hype_pipeline ENV=/Users/lingxiaolyu/projects/hype_pipeline/.env MD5=d2d116eb61c5e5022938eb7141eacf0b SUBJECT_PREFIX=[HYPE Watchlist] TO=cryptowatcher689@gmail.com FROM=lingxiaolyu19@gmail.com ALERT_TO=cryptowatcher689@gmail.com LOG_FILE=/Users/lingxiaolyu/projects/hype_pipeline/hype_pipeline.log
[BACKFILL] Resuming from 2025-09-15T06:00:00+00:00
[BACKFILL] complete -> /Users/lingxiaolyu/projects/hype_pipeline/data/hourly.csv
[indicators] wrote -> /Users/lingxiaolyu/projects/hype_pipeline/data/hourly_with_indicators_signals.csv (rows=5038)
[watchlist] wrote -> /Users/lingxiaolyu/projects/hype_pipeline/data/watchlist.csv (rows=2483)
[email_watchlist_alert] sent: [HYPE Watchlist] 2025-09-15 06:00Z
[email_watchlist_alert] using SUBJECT_PREFIX='[HYPE Watchlist]' from=lingxiaolyu19@gmail.com to=cryptowatcher689@gmail.com
[validate] hourly.csv OK
[validate] alerts OK
[pipeline] SUCCESS
[pipeline] CWD=/Users/lingxiaolyu/projects/hype_pipeline BASE=/Users/lingxiaolyu/projects/hype_pipeline ENV=/Users/lingxiaolyu/projects/hype_pipeline/.env MD5=d2d116eb61c5e5022938eb7141eacf0b SUBJECT_PREFIX=[HYPE Watchlist] TO=cryptowatcher689@gmail.com FROM=lingxiaolyu19@gmail.com ALERT_TO=cryptowatcher689@gmail.com LOG_FILE=/Users/lingxiaolyu/projects/hype_pipeline/hype_pipeline.log
[BACKFILL] Resuming from 2025-09-15T07:00:00+00:00
[BACKFILL] complete -> /Users/lingxiaolyu/projects/hype_pipeline/data/hourly.csv
[indicators] wrote -> /Users/lingxiaolyu/projects/hype_pipeline/data/hourly_with_indicators_signals.csv (rows=5039)
[watchlist] wrote -> /Users/lingxiaolyu/projects/hype_pipeline/data/watchlist.csv (rows=2483)
[email_watchlist_alert] sent: [HYPE Watchlist] 2025-09-15 07:00Z
[email_watchlist_alert] using SUBJECT_PREFIX='[HYPE Watchlist]' from=lingxiaolyu19@gmail.com to=cryptowatcher689@gmail.com
[validate] hourly.csv OK
[validate] alerts OK
[pipeline] SUCCESS
[pipeline] CWD=/Users/lingxiaolyu/projects/hype_pipeline BASE=/Users/lingxiaolyu/projects/hype_pipeline ENV=/Users/lingxiaolyu/projects/hype_pipeline/.env MD5=d2d116eb61c5e5022938eb7141eacf0b SUBJECT_PREFIX=[HYPE Watchlist] TO=cryptowatcher689@gmail.com FROM=lingxiaolyu19@gmail.com ALERT_TO=cryptowatcher689@gmail.com LOG_FILE=/Users/lingxiaolyu/projects/hype_pipeline/hype_pipeline.log
[BACKFILL] Resuming from 2025-09-15T08:00:00+00:00
[BACKFILL] complete -> /Users/lingxiaolyu/projects/hype_pipeline/data/hourly.csv
[indicators] wrote -> /Users/lingxiaolyu/projects/hype_pipeline/data/hourly_with_indicators_signals.csv (rows=5040)
[watchlist] wrote -> /Users/lingxiaolyu/projects/hype_pipeline/data/watchlist.csv (rows=2484)
[email_watchlist_alert] sent: [HYPE Watchlist] 2025-09-15 08:00Z
[email_watchlist_alert] using SUBJECT_PREFIX='[HYPE Watchlist]' from=lingxiaolyu19@gmail.com to=cryptowatcher689@gmail.com
[validate] hourly.csv OK
[validate] alerts OK
[pipeline] SUCCESS
[pipeline] CWD=/Users/lingxiaolyu/projects/hype_pipeline BASE=/Users/lingxiaolyu/projects/hype_pipeline ENV=/Users/lingxiaolyu/projects/hype_pipeline/.env MD5=d2d116eb61c5e5022938eb7141eacf0b SUBJECT_PREFIX=[HYPE Watchlist] TO=cryptowatcher689@gmail.com FROM=lingxiaolyu19@gmail.com ALERT_TO=cryptowatcher689@gmail.com LOG_FILE=/Users/lingxiaolyu/projects/hype_pipeline/hype_pipeline.log
[BACKFILL] Resuming from 2025-09-15T09:00:00+00:00
[BACKFILL] complete -> /Users/lingxiaolyu/projects/hype_pipeline/data/hourly.csv
[indicators] wrote -> /Users/lingxiaolyu/projects/hype_pipeline/data/hourly_with_indicators_signals.csv (rows=5040)
[watchlist] wrote -> /Users/lingxiaolyu/projects/hype_pipeline/data/watchlist.csv (rows=2484)
[email_watchlist_alert] sent: [HYPE Watchlist] 2025-09-15 08:00Z
[email_watchlist_alert] using SUBJECT_PREFIX='[HYPE Watchlist]' from=lingxiaolyu19@gmail.com to=cryptowatcher689@gmail.com
[validate] hourly.csv OK
[validate] alerts OK
[pipeline] SUCCESS
[pipeline] CWD=/Users/lingxiaolyu/projects/hype_pipeline BASE=/Users/lingxiaolyu/projects/hype_pipeline ENV=/Users/lingxiaolyu/projects/hype_pipeline/.env MD5=d2d116eb61c5e5022938eb7141eacf0b SUBJECT_PREFIX=[HYPE Watchlist] TO=cryptowatcher689@gmail.com FROM=lingxiaolyu19@gmail.com ALERT_TO=cryptowatcher689@gmail.com LOG_FILE=/Users/lingxiaolyu/projects/hype_pipeline/hype_pipeline.log
[BACKFILL] Resuming from 2025-09-15T09:00:00+00:00
[BACKFILL] complete -> /Users/lingxiaolyu/projects/hype_pipeline/data/hourly.csv
[indicators] wrote -> /Users/lingxiaolyu/projects/hype_pipeline/data/hourly_with_indicators_signals.csv (rows=5042)
[watchlist] wrote -> /Users/lingxiaolyu/projects/hype_pipeline/data/watchlist.csv (rows=2484)
[email_watchlist_alert] sent: [HYPE Watchlist] 2025-09-15 10:00Z
[email_watchlist_alert] using SUBJECT_PREFIX='[HYPE Watchlist]' from=lingxiaolyu19@gmail.com to=cryptowatcher689@gmail.com
[validate] hourly.csv OK
[validate] alerts OK
[pipeline] SUCCESS
[pipeline] CWD=/Users/lingxiaolyu/projects/hype_pipeline BASE=/Users/lingxiaolyu/projects/hype_pipeline ENV=/Users/lingxiaolyu/projects/hype_pipeline/.env MD5=d2d116eb61c5e5022938eb7141eacf0b SUBJECT_PREFIX=[HYPE Watchlist] TO=cryptowatcher689@gmail.com FROM=lingxiaolyu19@gmail.com ALERT_TO=cryptowatcher689@gmail.com LOG_FILE=/Users/lingxiaolyu/projects/hype_pipeline/hype_pipeline.log
[BACKFILL] Resuming from 2025-09-15T11:00:00+00:00
[BACKFILL] complete -> /Users/lingxiaolyu/projects/hype_pipeline/data/hourly.csv
[indicators] wrote -> /Users/lingxiaolyu/projects/hype_pipeline/data/hourly_with_indicators_signals.csv (rows=5043)
[watchlist] wrote -> /Users/lingxiaolyu/projects/hype_pipeline/data/watchlist.csv (rows=2484)
[email_watchlist_alert] sent: [HYPE Watchlist] 2025-09-15 11:00Z
[email_watchlist_alert] using SUBJECT_PREFIX='[HYPE Watchlist]' from=lingxiaolyu19@gmail.com to=cryptowatcher689@gmail.com
[validate] hourly.csv OK
[validate] alerts OK
[pipeline] SUCCESS
[pipeline] CWD=/Users/lingxiaolyu/projects/hype_pipeline BASE=/Users/lingxiaolyu/projects/hype_pipeline ENV=/Users/lingxiaolyu/projects/hype_pipeline/.env MD5=d2d116eb61c5e5022938eb7141eacf0b SUBJECT_PREFIX=[HYPE Watchlist] TO=cryptowatcher689@gmail.com FROM=lingxiaolyu19@gmail.com ALERT_TO=cryptowatcher689@gmail.com LOG_FILE=/Users/lingxiaolyu/projects/hype_pipeline/hype_pipeline.log
[BACKFILL] Resuming from 2025-09-15T12:00:00+00:00
[BACKFILL] complete -> /Users/lingxiaolyu/projects/hype_pipeline/data/hourly.csv
[indicators] wrote -> /Users/lingxiaolyu/projects/hype_pipeline/data/hourly_with_indicators_signals.csv (rows=5044)
[watchlist] wrote -> /Users/lingxiaolyu/projects/hype_pipeline/data/watchlist.csv (rows=2484)
[email_watchlist_alert] sent: [HYPE Watchlist] 2025-09-15 12:00Z
[email_watchlist_alert] using SUBJECT_PREFIX='[HYPE Watchlist]' from=lingxiaolyu19@gmail.com to=cryptowatcher689@gmail.com
[validate] hourly.csv OK
[validate] alerts OK
[pipeline] SUCCESS
[pipeline] CWD=/Users/lingxiaolyu/projects/hype_pipeline BASE=/Users/lingxiaolyu/projects/hype_pipeline ENV=/Users/lingxiaolyu/projects/hype_pipeline/.env MD5=d2d116eb61c5e5022938eb7141eacf0b SUBJECT_PREFIX=[HYPE Watchlist] TO=cryptowatcher689@gmail.com FROM=lingxiaolyu19@gmail.com ALERT_TO=cryptowatcher689@gmail.com LOG_FILE=/Users/lingxiaolyu/projects/hype_pipeline/hype_pipeline.log
[BACKFILL] Resuming from 2025-09-15T13:00:00+00:00
[BACKFILL] complete -> /Users/lingxiaolyu/projects/hype_pipeline/data/hourly.csv
[indicators] wrote -> /Users/lingxiaolyu/projects/hype_pipeline/data/hourly_with_indicators_signals.csv (rows=5045)
[watchlist] wrote -> /Users/lingxiaolyu/projects/hype_pipeline/data/watchlist.csv (rows=2485)
[email_watchlist_alert] sent: [HYPE Watchlist] 2025-09-15 13:00Z
[email_watchlist_alert] using SUBJECT_PREFIX='[HYPE Watchlist]' from=lingxiaolyu19@gmail.com to=cryptowatcher689@gmail.com
[validate] hourly.csv OK
[validate] alerts OK
[pipeline] SUCCESS
[pipeline] CWD=/Users/lingxiaolyu/projects/hype_pipeline BASE=/Users/lingxiaolyu/projects/hype_pipeline ENV=/Users/lingxiaolyu/projects/hype_pipeline/.env MD5=d2d116eb61c5e5022938eb7141eacf0b SUBJECT_PREFIX=[HYPE Watchlist] TO=cryptowatcher689@gmail.com FROM=lingxiaolyu19@gmail.com ALERT_TO=cryptowatcher689@gmail.com LOG_FILE=/Users/lingxiaolyu/projects/hype_pipeline/hype_pipeline.log
[BACKFILL] Resuming from 2025-09-15T14:00:00+00:00
[BACKFILL] complete -> /Users/lingxiaolyu/projects/hype_pipeline/data/hourly.csv
[indicators] wrote -> /Users/lingxiaolyu/projects/hype_pipeline/data/hourly_with_indicators_signals.csv (rows=5046)
[watchlist] wrote -> /Users/lingxiaolyu/projects/hype_pipeline/data/watchlist.csv (rows=2486)
[email_watchlist_alert] sent: [HYPE Watchlist] 2025-09-15 14:00Z
[email_watchlist_alert] using SUBJECT_PREFIX='[HYPE Watchlist]' from=lingxiaolyu19@gmail.com to=cryptowatcher689@gmail.com
[validate] hourly.csv OK
[validate] alerts OK
[pipeline] SUCCESS
[pipeline] CWD=/Users/lingxiaolyu/projects/hype_pipeline BASE=/Users/lingxiaolyu/projects/hype_pipeline ENV=/Users/lingxiaolyu/projects/hype_pipeline/.env MD5=d2d116eb61c5e5022938eb7141eacf0b SUBJECT_PREFIX=[HYPE Watchlist] TO=cryptowatcher689@gmail.com FROM=lingxiaolyu19@gmail.com ALERT_TO=cryptowatcher689@gmail.com LOG_FILE=/Users/lingxiaolyu/projects/hype_pipeline/hype_pipeline.log
[BACKFILL] Resuming from 2025-09-15T15:00:00+00:00
[BACKFILL] complete -> /Users/lingxiaolyu/projects/hype_pipeline/data/hourly.csv
[indicators] wrote -> /Users/lingxiaolyu/projects/hype_pipeline/data/hourly_with_indicators_signals.csv (rows=5047)
[watchlist] wrote -> /Users/lingxiaolyu/projects/hype_pipeline/data/watchlist.csv (rows=2486)
[email_watchlist_alert] sent: [HYPE Watchlist] 2025-09-15 15:00Z
[email_watchlist_alert] using SUBJECT_PREFIX='[HYPE Watchlist]' from=lingxiaolyu19@gmail.com to=cryptowatcher689@gmail.com
[validate] hourly.csv OK
[validate] alerts OK
[pipeline] SUCCESS
[pipeline] CWD=/Users/lingxiaolyu/projects/hype_pipeline BASE=/Users/lingxiaolyu/projects/hype_pipeline ENV=/Users/lingxiaolyu/projects/hype_pipeline/.env MD5=d2d116eb61c5e5022938eb7141eacf0b SUBJECT_PREFIX=[HYPE Watchlist] TO=cryptowatcher689@gmail.com FROM=lingxiaolyu19@gmail.com ALERT_TO=cryptowatcher689@gmail.com LOG_FILE=/Users/lingxiaolyu/projects/hype_pipeline/hype_pipeline.log
[BACKFILL] Resuming from 2025-09-15T16:00:00+00:00
[BACKFILL] complete -> /Users/lingxiaolyu/projects/hype_pipeline/data/hourly.csv
[indicators] wrote -> /Users/lingxiaolyu/projects/hype_pipeline/data/hourly_with_indicators_signals.csv (rows=5047)
[watchlist] wrote -> /Users/lingxiaolyu/projects/hype_pipeline/data/watchlist.csv (rows=2486)
[email_watchlist_alert] sent: [HYPE Watchlist] 2025-09-15 15:00Z
[email_watchlist_alert] using SUBJECT_PREFIX='[HYPE Watchlist]' from=lingxiaolyu19@gmail.com to=cryptowatcher689@gmail.com
[validate] hourly.csv OK
[validate] alerts OK
[pipeline] SUCCESS
[pipeline] CWD=/Users/lingxiaolyu/projects/hype_pipeline BASE=/Users/lingxiaolyu/projects/hype_pipeline ENV=/Users/lingxiaolyu/projects/hype_pipeline/.env MD5=d2d116eb61c5e5022938eb7141eacf0b SUBJECT_PREFIX=[HYPE Watchlist] TO=cryptowatcher689@gmail.com FROM=lingxiaolyu19@gmail.com ALERT_TO=cryptowatcher689@gmail.com LOG_FILE=/Users/lingxiaolyu/projects/hype_pipeline/hype_pipeline.log
[BACKFILL] Resuming from 2025-09-15T16:00:00+00:00
[BACKFILL] complete -> /Users/lingxiaolyu/projects/hype_pipeline/data/hourly.csv
[indicators] wrote -> /Users/lingxiaolyu/projects/hype_pipeline/data/hourly_with_indicators_signals.csv (rows=5049)
[watchlist] wrote -> /Users/lingxiaolyu/projects/hype_pipeline/data/watchlist.csv (rows=2488)
[email_watchlist_alert] sent: [HYPE Watchlist] 2025-09-15 17:00Z
[email_watchlist_alert] using SUBJECT_PREFIX='[HYPE Watchlist]' from=lingxiaolyu19@gmail.com to=cryptowatcher689@gmail.com
[validate] hourly.csv OK
[validate] alerts OK
[pipeline] SUCCESS
[pipeline] CWD=/Users/lingxiaolyu/projects/hype_pipeline BASE=/Users/lingxiaolyu/projects/hype_pipeline ENV=/Users/lingxiaolyu/projects/hype_pipeline/.env MD5=d2d116eb61c5e5022938eb7141eacf0b SUBJECT_PREFIX=[HYPE Watchlist] TO=cryptowatcher689@gmail.com FROM=lingxiaolyu19@gmail.com ALERT_TO=cryptowatcher689@gmail.com LOG_FILE=/Users/lingxiaolyu/projects/hype_pipeline/hype_pipeline.log
[BACKFILL] Resuming from 2025-09-15T18:00:00+00:00
[BACKFILL] complete -> /Users/lingxiaolyu/projects/hype_pipeline/data/hourly.csv
[indicators] wrote -> /Users/lingxiaolyu/projects/hype_pipeline/data/hourly_with_indicators_signals.csv (rows=5050)
[watchlist] wrote -> /Users/lingxiaolyu/projects/hype_pipeline/data/watchlist.csv (rows=2488)
[email_watchlist_alert] sent: [HYPE Watchlist] 2025-09-15 18:00Z
[email_watchlist_alert] using SUBJECT_PREFIX='[HYPE Watchlist]' from=lingxiaolyu19@gmail.com to=cryptowatcher689@gmail.com
[validate] hourly.csv OK
[validate] alerts OK
[pipeline] SUCCESS
[pipeline] CWD=/Users/lingxiaolyu/projects/hype_pipeline BASE=/Users/lingxiaolyu/projects/hype_pipeline ENV=/Users/lingxiaolyu/projects/hype_pipeline/.env MD5=d2d116eb61c5e5022938eb7141eacf0b SUBJECT_PREFIX=[HYPE Watchlist] TO=cryptowatcher689@gmail.com FROM=lingxiaolyu19@gmail.com ALERT_TO=cryptowatcher689@gmail.com LOG_FILE=/Users/lingxiaolyu/projects/hype_pipeline/hype_pipeline.log
[BACKFILL] Resuming from 2025-09-15T19:00:00+00:00
[BACKFILL] complete -> /Users/lingxiaolyu/projects/hype_pipeline/data/hourly.csv
[indicators] wrote -> /Users/lingxiaolyu/projects/hype_pipeline/data/hourly_with_indicators_signals.csv (rows=5051)
[watchlist] wrote -> /Users/lingxiaolyu/projects/hype_pipeline/data/watchlist.csv (rows=2488)
[email_watchlist_alert] sent: [HYPE Watchlist] 2025-09-15 19:00Z
[email_watchlist_alert] using SUBJECT_PREFIX='[HYPE Watchlist]' from=lingxiaolyu19@gmail.com to=cryptowatcher689@gmail.com
[validate] hourly.csv OK
[validate] alerts OK
[pipeline] SUCCESS
[pipeline] CWD=/Users/lingxiaolyu/projects/hype_pipeline BASE=/Users/lingxiaolyu/projects/hype_pipeline ENV=/Users/lingxiaolyu/projects/hype_pipeline/.env MD5=d2d116eb61c5e5022938eb7141eacf0b SUBJECT_PREFIX=[HYPE Watchlist] TO=cryptowatcher689@gmail.com FROM=lingxiaolyu19@gmail.com ALERT_TO=cryptowatcher689@gmail.com LOG_FILE=/Users/lingxiaolyu/projects/hype_pipeline/hype_pipeline.log
[BACKFILL] Resuming from 2025-09-15T20:00:00+00:00
[BACKFILL] complete -> /Users/lingxiaolyu/projects/hype_pipeline/data/hourly.csv
[indicators] wrote -> /Users/lingxiaolyu/projects/hype_pipeline/data/hourly_with_indicators_signals.csv (rows=5052)
[watchlist] wrote -> /Users/lingxiaolyu/projects/hype_pipeline/data/watchlist.csv (rows=2489)
[email_watchlist_alert] sent: [HYPE Watchlist] 2025-09-15 20:00Z
[email_watchlist_alert] using SUBJECT_PREFIX='[HYPE Watchlist]' from=lingxiaolyu19@gmail.com to=cryptowatcher689@gmail.com
[validate] hourly.csv OK
[validate] alerts OK
[pipeline] SUCCESS
[pipeline] CWD=/Users/lingxiaolyu/projects/hype_pipeline BASE=/Users/lingxiaolyu/projects/hype_pipeline ENV=/Users/lingxiaolyu/projects/hype_pipeline/.env MD5=d2d116eb61c5e5022938eb7141eacf0b SUBJECT_PREFIX=[HYPE Watchlist] TO=cryptowatcher689@gmail.com FROM=lingxiaolyu19@gmail.com ALERT_TO=cryptowatcher689@gmail.com LOG_FILE=/Users/lingxiaolyu/projects/hype_pipeline/hype_pipeline.log
[BACKFILL] Resuming from 2025-09-15T21:00:00+00:00
[BACKFILL] complete -> /Users/lingxiaolyu/projects/hype_pipeline/data/hourly.csv
[indicators] wrote -> /Users/lingxiaolyu/projects/hype_pipeline/data/hourly_with_indicators_signals.csv (rows=5052)
[watchlist] wrote -> /Users/lingxiaolyu/projects/hype_pipeline/data/watchlist.csv (rows=2489)
[email_watchlist_alert] sent: [HYPE Watchlist] 2025-09-15 20:00Z
[email_watchlist_alert] using SUBJECT_PREFIX='[HYPE Watchlist]' from=lingxiaolyu19@gmail.com to=cryptowatcher689@gmail.com
[validate] hourly.csv OK
[validate] alerts OK
[pipeline] SUCCESS
[pipeline] CWD=/Users/lingxiaolyu/projects/hype_pipeline BASE=/Users/lingxiaolyu/projects/hype_pipeline ENV=/Users/lingxiaolyu/projects/hype_pipeline/.env MD5=d2d116eb61c5e5022938eb7141eacf0b SUBJECT_PREFIX=[HYPE Watchlist] TO=cryptowatcher689@gmail.com FROM=lingxiaolyu19@gmail.com ALERT_TO=cryptowatcher689@gmail.com LOG_FILE=/Users/lingxiaolyu/projects/hype_pipeline/hype_pipeline.log
[BACKFILL] Resuming from 2025-09-15T21:00:00+00:00
[BACKFILL] complete -> /Users/lingxiaolyu/projects/hype_pipeline/data/hourly.csv
[indicators] wrote -> /Users/lingxiaolyu/projects/hype_pipeline/data/hourly_with_indicators_signals.csv (rows=5053)
[watchlist] wrote -> /Users/lingxiaolyu/projects/hype_pipeline/data/watchlist.csv (rows=2489)
[email_watchlist_alert] sent: [HYPE Watchlist] 2025-09-15 21:00Z
[email_watchlist_alert] using SUBJECT_PREFIX='[HYPE Watchlist]' from=lingxiaolyu19@gmail.com to=cryptowatcher689@gmail.com
[validate] hourly.csv OK
[validate] alerts OK
[pipeline] SUCCESS
[pipeline] CWD=/Users/lingxiaolyu/projects/hype_pipeline BASE=/Users/lingxiaolyu/projects/hype_pipeline ENV=/Users/lingxiaolyu/projects/hype_pipeline/.env MD5=d2d116eb61c5e5022938eb7141eacf0b SUBJECT_PREFIX=[HYPE Watchlist] TO=cryptowatcher689@gmail.com FROM=lingxiaolyu19@gmail.com ALERT_TO=cryptowatcher689@gmail.com LOG_FILE=/Users/lingxiaolyu/projects/hype_pipeline/hype_pipeline.log
[BACKFILL] Resuming from 2025-09-15T22:00:00+00:00
[BACKFILL] complete -> /Users/lingxiaolyu/projects/hype_pipeline/data/hourly.csv
[indicators] wrote -> /Users/lingxiaolyu/projects/hype_pipeline/data/hourly_with_indicators_signals.csv (rows=5054)
[watchlist] wrote -> /Users/lingxiaolyu/projects/hype_pipeline/data/watchlist.csv (rows=2489)
[email_watchlist_alert] sent: [HYPE Watchlist] 2025-09-15 22:00Z
[email_watchlist_alert] using SUBJECT_PREFIX='[HYPE Watchlist]' from=lingxiaolyu19@gmail.com to=cryptowatcher689@gmail.com
[validate] hourly.csv OK
[validate] alerts OK
[pipeline] SUCCESS
[pipeline] CWD=/Users/lingxiaolyu/projects/hype_pipeline BASE=/Users/lingxiaolyu/projects/hype_pipeline ENV=/Users/lingxiaolyu/projects/hype_pipeline/.env MD5=d2d116eb61c5e5022938eb7141eacf0b SUBJECT_PREFIX=[HYPE Watchlist] TO=cryptowatcher689@gmail.com FROM=lingxiaolyu19@gmail.com ALERT_TO=cryptowatcher689@gmail.com LOG_FILE=/Users/lingxiaolyu/projects/hype_pipeline/hype_pipeline.log
[BACKFILL] Resuming from 2025-09-15T23:00:00+00:00
[BACKFILL] complete -> /Users/lingxiaolyu/projects/hype_pipeline/data/hourly.csv
[indicators] wrote -> /Users/lingxiaolyu/projects/hype_pipeline/data/hourly_with_indicators_signals.csv (rows=5056)
[watchlist] wrote -> /Users/lingxiaolyu/projects/hype_pipeline/data/watchlist.csv (rows=2489)
[email_watchlist_alert] sent: [HYPE Watchlist] 2025-09-16 00:00Z
[email_watchlist_alert] using SUBJECT_PREFIX='[HYPE Watchlist]' from=lingxiaolyu19@gmail.com to=cryptowatcher689@gmail.com
[validate] hourly.csv OK
[validate] alerts OK
[pipeline] SUCCESS
[pipeline] CWD=/Users/lingxiaolyu/projects/hype_pipeline BASE=/Users/lingxiaolyu/projects/hype_pipeline ENV=/Users/lingxiaolyu/projects/hype_pipeline/.env MD5=d2d116eb61c5e5022938eb7141eacf0b SUBJECT_PREFIX=[HYPE Watchlist] TO=cryptowatcher689@gmail.com FROM=lingxiaolyu19@gmail.com ALERT_TO=cryptowatcher689@gmail.com LOG_FILE=/Users/lingxiaolyu/projects/hype_pipeline/hype_pipeline.log
[BACKFILL] Resuming from 2025-09-16T01:00:00+00:00
[BACKFILL] complete -> /Users/lingxiaolyu/projects/hype_pipeline/data/hourly.csv
[indicators] wrote -> /Users/lingxiaolyu/projects/hype_pipeline/data/hourly_with_indicators_signals.csv (rows=5057)
[watchlist] wrote -> /Users/lingxiaolyu/projects/hype_pipeline/data/watchlist.csv (rows=2489)
[email_watchlist_alert] sent: [HYPE Watchlist] 2025-09-16 01:00Z
[email_watchlist_alert] using SUBJECT_PREFIX='[HYPE Watchlist]' from=lingxiaolyu19@gmail.com to=cryptowatcher689@gmail.com
[validate] hourly.csv OK
[validate] alerts OK
[pipeline] SUCCESS
[pipeline] CWD=/Users/lingxiaolyu/projects/hype_pipeline BASE=/Users/lingxiaolyu/projects/hype_pipeline ENV=/Users/lingxiaolyu/projects/hype_pipeline/.env MD5=d2d116eb61c5e5022938eb7141eacf0b SUBJECT_PREFIX=[HYPE Watchlist] TO=cryptowatcher689@gmail.com FROM=lingxiaolyu19@gmail.com ALERT_TO=cryptowatcher689@gmail.com LOG_FILE=/Users/lingxiaolyu/projects/hype_pipeline/hype_pipeline.log
[BACKFILL] Resuming from 2025-09-16T02:00:00+00:00
[BACKFILL] complete -> /Users/lingxiaolyu/projects/hype_pipeline/data/hourly.csv
[indicators] wrote -> /Users/lingxiaolyu/projects/hype_pipeline/data/hourly_with_indicators_signals.csv (rows=5058)
[watchlist] wrote -> /Users/lingxiaolyu/projects/hype_pipeline/data/watchlist.csv (rows=2489)
[email_watchlist_alert] sent: [HYPE Watchlist] 2025-09-16 02:00Z
[email_watchlist_alert] using SUBJECT_PREFIX='[HYPE Watchlist]' from=lingxiaolyu19@gmail.com to=cryptowatcher689@gmail.com
[validate] hourly.csv OK
[validate] alerts OK
[pipeline] SUCCESS
[pipeline] CWD=/Users/lingxiaolyu/projects/hype_pipeline BASE=/Users/lingxiaolyu/projects/hype_pipeline ENV=/Users/lingxiaolyu/projects/hype_pipeline/.env MD5=d2d116eb61c5e5022938eb7141eacf0b SUBJECT_PREFIX=[HYPE Watchlist] TO=cryptowatcher689@gmail.com FROM=lingxiaolyu19@gmail.com ALERT_TO=cryptowatcher689@gmail.com LOG_FILE=/Users/lingxiaolyu/projects/hype_pipeline/hype_pipeline.log
[pipeline] CWD=/Users/lingxiaolyu/projects/hype_pipeline BASE=/Users/lingxiaolyu/projects/hype_pipeline ENV=/Users/lingxiaolyu/projects/hype_pipeline/.env MD5=d2d116eb61c5e5022938eb7141eacf0b SUBJECT_PREFIX=[HYPE Watchlist] TO=cryptowatcher689@gmail.com FROM=lingxiaolyu19@gmail.com ALERT_TO=cryptowatcher689@gmail.com LOG_FILE=/Users/lingxiaolyu/projects/hype_pipeline/hype_pipeline.log
[pipeline] CWD=/Users/lingxiaolyu/projects/hype_pipeline BASE=/Users/lingxiaolyu/projects/hype_pipeline ENV=/Users/lingxiaolyu/projects/hype_pipeline/.env MD5=d2d116eb61c5e5022938eb7141eacf0b SUBJECT_PREFIX=[HYPE Watchlist] TO=cryptowatcher689@gmail.com FROM=lingxiaolyu19@gmail.com ALERT_TO=cryptowatcher689@gmail.com LOG_FILE=/Users/lingxiaolyu/projects/hype_pipeline/hype_pipeline.log
