make: getcwd: Operation not permitted
make: *** No rule to make target `hourly'.  Stop.
make: getcwd: Operation not permitted
make: *** No rule to make target `hourly'.  Stop.
make: getcwd: Operation not permitted
make: *** No rule to make target `hourly'.  Stop.
make: getcwd: Operation not permitted
make: *** No rule to make target `hourly'.  Stop.
make: getcwd: Operation not permitted
make: *** No rule to make target `hourly'.  Stop.
make: getcwd: Operation not permitted
make: *** No rule to make target `hourly'.  Stop.
Makefile:26: warning: overriding commands for target `bootstrap'
Makefile:9: warning: ignoring old commands for target `bootstrap'
Makefile:35: warning: overriding commands for target `indicators'
Makefile:10: warning: ignoring old commands for target `indicators'
Makefile:38: warning: overriding commands for target `watchlist'
Makefile:11: warning: ignoring old commands for target `watchlist'
Makefile:41: warning: overriding commands for target `email'
Makefile:12: warning: ignoring old commands for target `email'
bash scripts/pipeline.sh hourly
[BACKFILL] Resuming from 2025-09-14T21:00:00+00:00
[BACKFILL] complete -> /Users/lingxiaolyu/projects/btc_pipeline/data/hourly.csv
[indicators] wrote -> /Users/lingxiaolyu/projects/btc_pipeline/data/hourly_with_indicators_signals.csv (rows=5873)
[watchlist] wrote -> /Users/lingxiaolyu/projects/btc_pipeline/data/watchlist.csv (rows=2710)
[email] sent 1 rows. last_sent_ms=1757883600000
Makefile:26: warning: overriding commands for target `bootstrap'
Makefile:9: warning: ignoring old commands for target `bootstrap'
Makefile:35: warning: overriding commands for target `indicators'
Makefile:10: warning: ignoring old commands for target `indicators'
Makefile:38: warning: overriding commands for target `watchlist'
Makefile:11: warning: ignoring old commands for target `watchlist'
Makefile:41: warning: overriding commands for target `email'
Makefile:12: warning: ignoring old commands for target `email'
bash scripts/pipeline.sh hourly
[BACKFILL] Resuming from 2025-09-14T22:00:00+00:00
[BACKFILL] complete -> /Users/lingxiaolyu/projects/btc_pipeline/data/hourly.csv
[indicators] wrote -> /Users/lingxiaolyu/projects/btc_pipeline/data/hourly_with_indicators_signals.csv (rows=5874)
[watchlist] wrote -> /Users/lingxiaolyu/projects/btc_pipeline/data/watchlist.csv (rows=2710)
[email] No new watchlist rows. Nothing to email.
Makefile:26: warning: overriding commands for target `bootstrap'
Makefile:9: warning: ignoring old commands for target `bootstrap'
Makefile:35: warning: overriding commands for target `indicators'
Makefile:10: warning: ignoring old commands for target `indicators'
Makefile:38: warning: overriding commands for target `watchlist'
Makefile:11: warning: ignoring old commands for target `watchlist'
Makefile:41: warning: overriding commands for target `email'
Makefile:12: warning: ignoring old commands for target `email'
bash scripts/pipeline.sh hourly
[BACKFILL] Resuming from 2025-09-14T23:00:00+00:00
[BACKFILL] complete -> /Users/lingxiaolyu/projects/btc_pipeline/data/hourly.csv
[indicators] wrote -> /Users/lingxiaolyu/projects/btc_pipeline/data/hourly_with_indicators_signals.csv (rows=5875)
[watchlist] wrote -> /Users/lingxiaolyu/projects/btc_pipeline/data/watchlist.csv (rows=2711)
[email] sent 1 rows. last_sent_ms=1757890800000
Makefile:37: warning: overriding commands for target `clean'
Makefile:2: warning: ignoring old commands for target `clean'
make: *** No rule to make target `hourly'.  Stop.
